2025/08/20 00:13:24 [emerg] 1#1: host not found in upstream "web:8000" in /etc/nginx/conf.d/app.conf:2
2025/08/20 00:13:28 [emerg] 1#1: host not found in upstream "web:8000" in /etc/nginx/conf.d/app.conf:2
2025/08/20 00:13:32 [emerg] 1#1: host not found in upstream "web:8000" in /etc/nginx/conf.d/app.conf:2
2025/08/20 00:13:36 [emerg] 1#1: host not found in upstream "web:8000" in /etc/nginx/conf.d/app.conf:2
2025/08/20 00:13:40 [emerg] 1#1: host not found in upstream "web:8000" in /etc/nginx/conf.d/app.conf:2
2025/08/20 00:13:46 [emerg] 1#1: host not found in upstream "web:8000" in /etc/nginx/conf.d/app.conf:2
2025/08/20 00:13:52 [emerg] 1#1: host not found in upstream "web:8000" in /etc/nginx/conf.d/app.conf:2
2025/08/20 00:14:02 [emerg] 1#1: host not found in upstream "web:8000" in /etc/nginx/conf.d/app.conf:2
2025/08/20 00:14:19 [emerg] 1#1: host not found in upstream "web:8000" in /etc/nginx/conf.d/app.conf:2
2025/08/20 00:14:48 [emerg] 1#1: host not found in upstream "web:8000" in /etc/nginx/conf.d/app.conf:2
2025/08/20 00:15:42 [emerg] 1#1: host not found in upstream "web:8000" in /etc/nginx/conf.d/app.conf:2
2025/08/20 00:16:46 [emerg] 1#1: host not found in upstream "web:8000" in /etc/nginx/conf.d/app.conf:2
2025/08/20 00:17:50 [emerg] 1#1: host not found in upstream "web:8000" in /etc/nginx/conf.d/app.conf:2
2025/08/20 00:18:53 [emerg] 1#1: host not found in upstream "web:8000" in /etc/nginx/conf.d/app.conf:2
2025/08/20 00:19:57 [emerg] 1#1: host not found in upstream "web:8000" in /etc/nginx/conf.d/app.conf:2
2025/08/20 00:23:26 [notice] 1#1: using the "epoll" event method
2025/08/20 00:23:26 [notice] 1#1: nginx/1.24.0
2025/08/20 00:23:26 [notice] 1#1: built by gcc 10.2.1 20210110 (Debian 10.2.1-6) 
2025/08/20 00:23:26 [notice] 1#1: OS: Linux 6.6.87.2-microsoft-standard-WSL2
2025/08/20 00:23:26 [notice] 1#1: getrlimit(RLIMIT_NOFILE): 1048576:1048576
2025/08/20 00:23:26 [notice] 1#1: start worker processes
2025/08/20 00:23:26 [notice] 1#1: start worker process 29
2025/08/20 00:23:26 [notice] 1#1: start worker process 30
2025/08/20 00:23:26 [notice] 1#1: start worker process 31
2025/08/20 00:23:26 [notice] 1#1: start worker process 32
2025/08/20 00:23:26 [notice] 1#1: start worker process 33
2025/08/20 00:23:26 [notice] 1#1: start worker process 34
2025/08/20 00:23:26 [notice] 1#1: start worker process 35
2025/08/20 00:23:26 [notice] 1#1: start worker process 36
2025/08/20 00:23:26 [notice] 1#1: start worker process 37
2025/08/20 00:23:26 [notice] 1#1: start worker process 38
2025/08/20 00:23:26 [notice] 1#1: start worker process 39
2025/08/20 00:23:26 [notice] 1#1: start worker process 40
2025/08/20 00:23:26 [notice] 1#1: start worker process 41
2025/08/20 00:23:26 [notice] 1#1: start worker process 42
2025/08/20 00:23:26 [notice] 1#1: start worker process 43
2025/08/20 00:23:26 [notice] 1#1: start worker process 44
2025/08/20 00:23:40 [notice] 1#1: signal 3 (SIGQUIT) received, shutting down
2025/08/20 00:23:40 [notice] 29#29: gracefully shutting down
2025/08/20 00:23:40 [notice] 30#30: gracefully shutting down
2025/08/20 00:23:40 [notice] 31#31: gracefully shutting down
2025/08/20 00:23:40 [notice] 32#32: gracefully shutting down
2025/08/20 00:23:40 [notice] 33#33: gracefully shutting down
2025/08/20 00:23:40 [notice] 35#35: gracefully shutting down
2025/08/20 00:23:40 [notice] 34#34: gracefully shutting down
2025/08/20 00:23:40 [notice] 37#37: gracefully shutting down
2025/08/20 00:23:40 [notice] 36#36: gracefully shutting down
2025/08/20 00:23:40 [notice] 38#38: gracefully shutting down
2025/08/20 00:23:40 [notice] 39#39: gracefully shutting down
2025/08/20 00:23:40 [notice] 39#39: exiting
2025/08/20 00:23:40 [notice] 40#40: gracefully shutting down
2025/08/20 00:23:40 [notice] 41#41: gracefully shutting down
2025/08/20 00:23:40 [notice] 42#42: gracefully shutting down
2025/08/20 00:23:40 [notice] 43#43: gracefully shutting down
2025/08/20 00:23:40 [notice] 44#44: gracefully shutting down
2025/08/20 00:23:40 [notice] 29#29: exiting
2025/08/20 00:23:40 [notice] 30#30: exiting
2025/08/20 00:23:40 [notice] 31#31: exiting
2025/08/20 00:23:40 [notice] 32#32: exiting
2025/08/20 00:23:40 [notice] 33#33: exiting
2025/08/20 00:23:40 [notice] 35#35: exiting
2025/08/20 00:23:40 [notice] 34#34: exiting
2025/08/20 00:23:40 [notice] 37#37: exiting
2025/08/20 00:23:40 [notice] 36#36: exiting
2025/08/20 00:23:40 [notice] 38#38: exiting
2025/08/20 00:23:40 [notice] 39#39: exit
2025/08/20 00:23:40 [notice] 40#40: exiting
2025/08/20 00:23:40 [notice] 41#41: exiting
2025/08/20 00:23:40 [notice] 42#42: exiting
2025/08/20 00:23:40 [notice] 43#43: exiting
2025/08/20 00:23:40 [notice] 44#44: exiting
2025/08/20 00:23:40 [notice] 29#29: exit
2025/08/20 00:23:40 [notice] 30#30: exit
2025/08/20 00:23:40 [notice] 31#31: exit
2025/08/20 00:23:40 [notice] 32#32: exit
2025/08/20 00:23:40 [notice] 33#33: exit
2025/08/20 00:23:40 [notice] 35#35: exit
2025/08/20 00:23:40 [notice] 34#34: exit
2025/08/20 00:23:40 [notice] 37#37: exit
2025/08/20 00:23:40 [notice] 36#36: exit
2025/08/20 00:23:40 [notice] 38#38: exit
2025/08/20 00:23:40 [notice] 40#40: exit
2025/08/20 00:23:40 [notice] 41#41: exit
2025/08/20 00:23:40 [notice] 42#42: exit
2025/08/20 00:23:40 [notice] 43#43: exit
2025/08/20 00:23:40 [notice] 44#44: exit
2025/08/20 00:23:40 [notice] 1#1: signal 17 (SIGCHLD) received from 36
2025/08/20 00:23:40 [notice] 1#1: worker process 32 exited with code 0
2025/08/20 00:23:40 [notice] 1#1: worker process 36 exited with code 0
2025/08/20 00:23:40 [notice] 1#1: signal 29 (SIGIO) received
2025/08/20 00:23:40 [notice] 1#1: signal 17 (SIGCHLD) received from 37
2025/08/20 00:23:40 [notice] 1#1: worker process 31 exited with code 0
2025/08/20 00:23:40 [notice] 1#1: worker process 37 exited with code 0
2025/08/20 00:23:40 [notice] 1#1: worker process 42 exited with code 0
2025/08/20 00:23:40 [notice] 1#1: signal 29 (SIGIO) received
2025/08/20 00:23:40 [notice] 1#1: signal 17 (SIGCHLD) received from 31
2025/08/20 00:23:40 [notice] 1#1: signal 17 (SIGCHLD) received from 34
2025/08/20 00:23:40 [notice] 1#1: worker process 29 exited with code 0
2025/08/20 00:23:40 [notice] 1#1: worker process 30 exited with code 0
2025/08/20 00:23:40 [notice] 1#1: worker process 34 exited with code 0
2025/08/20 00:23:40 [notice] 1#1: worker process 35 exited with code 0
2025/08/20 00:23:40 [notice] 1#1: worker process 39 exited with code 0
2025/08/20 00:23:40 [notice] 1#1: worker process 40 exited with code 0
2025/08/20 00:23:40 [notice] 1#1: worker process 43 exited with code 0
2025/08/20 00:23:40 [notice] 1#1: signal 29 (SIGIO) received
2025/08/20 00:23:40 [notice] 1#1: signal 17 (SIGCHLD) received from 39
2025/08/20 00:23:40 [notice] 1#1: signal 17 (SIGCHLD) received from 38
2025/08/20 00:23:40 [notice] 1#1: worker process 33 exited with code 0
2025/08/20 00:23:40 [notice] 1#1: worker process 38 exited with code 0
2025/08/20 00:23:40 [notice] 1#1: worker process 41 exited with code 0
2025/08/20 00:23:40 [notice] 1#1: worker process 44 exited with code 0
2025/08/20 00:23:40 [notice] 1#1: exit
2025/08/20 00:23:41 [emerg] 1#1: host not found in upstream "web:8000" in /etc/nginx/conf.d/app.conf:2
2025/08/20 00:23:45 [emerg] 1#1: host not found in upstream "web:8000" in /etc/nginx/conf.d/app.conf:2
2025/08/20 00:23:49 [notice] 1#1: using the "epoll" event method
2025/08/20 00:23:49 [notice] 1#1: nginx/1.24.0
2025/08/20 00:23:49 [notice] 1#1: built by gcc 10.2.1 20210110 (Debian 10.2.1-6) 
2025/08/20 00:23:49 [notice] 1#1: OS: Linux 6.6.87.2-microsoft-standard-WSL2
2025/08/20 00:23:49 [notice] 1#1: getrlimit(RLIMIT_NOFILE): 1048576:1048576
2025/08/20 00:23:49 [notice] 1#1: start worker processes
2025/08/20 00:23:49 [notice] 1#1: start worker process 22
2025/08/20 00:23:49 [notice] 1#1: start worker process 23
2025/08/20 00:23:49 [notice] 1#1: start worker process 24
2025/08/20 00:23:49 [notice] 1#1: start worker process 25
2025/08/20 00:23:49 [notice] 1#1: start worker process 26
2025/08/20 00:23:49 [notice] 1#1: start worker process 27
2025/08/20 00:23:49 [notice] 1#1: start worker process 28
2025/08/20 00:23:49 [notice] 1#1: start worker process 29
2025/08/20 00:23:49 [notice] 1#1: start worker process 30
2025/08/20 00:23:49 [notice] 1#1: start worker process 31
2025/08/20 00:23:49 [notice] 1#1: start worker process 32
2025/08/20 00:23:49 [notice] 1#1: start worker process 33
2025/08/20 00:23:49 [notice] 1#1: start worker process 34
2025/08/20 00:23:49 [notice] 1#1: start worker process 35
2025/08/20 00:23:49 [notice] 1#1: start worker process 36
2025/08/20 00:23:49 [notice] 1#1: start worker process 37
2025/08/20 00:24:22 [error] 22#22: *1 connect() failed (113: No route to host) while connecting to upstream, client: 172.18.0.1, server: localhost, request: "GET / HTTP/1.1", upstream: "http://172.18.0.3:8000/", host: "localhost:8888"
2025/08/20 00:24:25 [error] 22#22: *1 connect() failed (113: No route to host) while connecting to upstream, client: 172.18.0.1, server: localhost, request: "GET /favicon.ico HTTP/1.1", upstream: "http://172.18.0.3:8000/favicon.ico", host: "localhost:8888", referrer: "http://localhost:8888/"
2025/08/20 00:26:49 [notice] 1#1: signal 3 (SIGQUIT) received, shutting down
2025/08/20 00:26:49 [notice] 22#22: gracefully shutting down
2025/08/20 00:26:49 [notice] 34#34: gracefully shutting down
2025/08/20 00:26:49 [notice] 23#23: gracefully shutting down
2025/08/20 00:26:49 [notice] 24#24: gracefully shutting down
2025/08/20 00:26:49 [notice] 25#25: gracefully shutting down
2025/08/20 00:26:49 [notice] 26#26: gracefully shutting down
2025/08/20 00:26:49 [notice] 27#27: gracefully shutting down
2025/08/20 00:26:49 [notice] 28#28: gracefully shutting down
2025/08/20 00:26:49 [notice] 29#29: gracefully shutting down
2025/08/20 00:26:49 [notice] 30#30: gracefully shutting down
2025/08/20 00:26:49 [notice] 31#31: gracefully shutting down
2025/08/20 00:26:49 [notice] 32#32: gracefully shutting down
2025/08/20 00:26:49 [notice] 33#33: gracefully shutting down
2025/08/20 00:26:49 [notice] 35#35: gracefully shutting down
2025/08/20 00:26:49 [notice] 36#36: gracefully shutting down
2025/08/20 00:26:49 [notice] 22#22: exiting
2025/08/20 00:26:49 [notice] 37#37: gracefully shutting down
2025/08/20 00:26:49 [notice] 34#34: exiting
2025/08/20 00:26:49 [notice] 23#23: exiting
2025/08/20 00:26:49 [notice] 24#24: exiting
2025/08/20 00:26:49 [notice] 25#25: exiting
2025/08/20 00:26:49 [notice] 26#26: exiting
2025/08/20 00:26:49 [notice] 27#27: exiting
2025/08/20 00:26:49 [notice] 28#28: exiting
2025/08/20 00:26:49 [notice] 29#29: exiting
2025/08/20 00:26:49 [notice] 30#30: exiting
2025/08/20 00:26:49 [notice] 31#31: exiting
2025/08/20 00:26:49 [notice] 32#32: exiting
2025/08/20 00:26:49 [notice] 33#33: exiting
2025/08/20 00:26:49 [notice] 35#35: exiting
2025/08/20 00:26:49 [notice] 36#36: exiting
2025/08/20 00:26:49 [notice] 22#22: exit
2025/08/20 00:26:49 [notice] 37#37: exiting
2025/08/20 00:26:49 [notice] 34#34: exit
2025/08/20 00:26:49 [notice] 23#23: exit
2025/08/20 00:26:49 [notice] 24#24: exit
2025/08/20 00:26:49 [notice] 25#25: exit
2025/08/20 00:26:49 [notice] 26#26: exit
2025/08/20 00:26:49 [notice] 27#27: exit
2025/08/20 00:26:49 [notice] 28#28: exit
2025/08/20 00:26:49 [notice] 29#29: exit
2025/08/20 00:26:49 [notice] 30#30: exit
2025/08/20 00:26:49 [notice] 31#31: exit
2025/08/20 00:26:49 [notice] 32#32: exit
2025/08/20 00:26:49 [notice] 33#33: exit
2025/08/20 00:26:49 [notice] 35#35: exit
2025/08/20 00:26:49 [notice] 36#36: exit
2025/08/20 00:26:49 [notice] 37#37: exit
2025/08/20 00:26:49 [notice] 1#1: signal 17 (SIGCHLD) received from 33
2025/08/20 00:26:49 [notice] 1#1: worker process 25 exited with code 0
2025/08/20 00:26:49 [notice] 1#1: worker process 29 exited with code 0
2025/08/20 00:26:49 [notice] 1#1: worker process 33 exited with code 0
2025/08/20 00:26:49 [notice] 1#1: worker process 35 exited with code 0
2025/08/20 00:26:49 [notice] 1#1: worker process 37 exited with code 0
2025/08/20 00:26:49 [notice] 1#1: signal 29 (SIGIO) received
2025/08/20 00:26:49 [notice] 1#1: signal 17 (SIGCHLD) received from 36
2025/08/20 00:26:49 [notice] 1#1: worker process 27 exited with code 0
2025/08/20 00:26:49 [notice] 1#1: worker process 24 exited with code 0
2025/08/20 00:26:49 [notice] 1#1: worker process 30 exited with code 0
2025/08/20 00:26:49 [notice] 1#1: worker process 34 exited with code 0
2025/08/20 00:26:49 [notice] 1#1: worker process 36 exited with code 0
2025/08/20 00:26:49 [notice] 1#1: signal 29 (SIGIO) received
2025/08/20 00:26:49 [notice] 1#1: signal 17 (SIGCHLD) received from 27
2025/08/20 00:26:49 [notice] 1#1: signal 17 (SIGCHLD) received from 23
2025/08/20 00:26:49 [notice] 1#1: worker process 23 exited with code 0
2025/08/20 00:26:49 [notice] 1#1: worker process 26 exited with code 0
2025/08/20 00:26:49 [notice] 1#1: worker process 28 exited with code 0
2025/08/20 00:26:49 [notice] 1#1: worker process 31 exited with code 0
2025/08/20 00:26:49 [notice] 1#1: worker process 32 exited with code 0
2025/08/20 00:26:49 [notice] 1#1: signal 29 (SIGIO) received
2025/08/20 00:26:49 [notice] 1#1: signal 17 (SIGCHLD) received from 26
2025/08/20 00:26:49 [notice] 1#1: signal 17 (SIGCHLD) received from 22
2025/08/20 00:26:49 [notice] 1#1: worker process 22 exited with code 0
2025/08/20 00:26:49 [notice] 1#1: exit
2025/08/20 00:29:22 [emerg] 1#1: host not found in upstream "web:8000" in /etc/nginx/conf.d/app.conf:2
2025/08/20 00:29:26 [emerg] 1#1: host not found in upstream "web:8000" in /etc/nginx/conf.d/app.conf:2
2025/08/20 00:29:29 [emerg] 1#1: host not found in upstream "web:8000" in /etc/nginx/conf.d/app.conf:2
2025/08/20 00:29:33 [emerg] 1#1: host not found in upstream "web:8000" in /etc/nginx/conf.d/app.conf:2
2025/08/20 00:29:38 [emerg] 1#1: host not found in upstream "web:8000" in /etc/nginx/conf.d/app.conf:2
2025/08/20 00:29:43 [emerg] 1#1: host not found in upstream "web:8000" in /etc/nginx/conf.d/app.conf:2
2025/08/20 00:29:49 [emerg] 1#1: host not found in upstream "web:8000" in /etc/nginx/conf.d/app.conf:2
2025/08/20 00:29:59 [emerg] 1#1: host not found in upstream "web:8000" in /etc/nginx/conf.d/app.conf:2
2025/08/20 00:30:16 [emerg] 1#1: host not found in upstream "web:8000" in /etc/nginx/conf.d/app.conf:2
2025/08/20 00:30:45 [emerg] 1#1: host not found in upstream "web:8000" in /etc/nginx/conf.d/app.conf:2
2025/08/20 00:31:40 [emerg] 1#1: host not found in upstream "web:8000" in /etc/nginx/conf.d/app.conf:2
2025/08/20 00:32:43 [emerg] 1#1: host not found in upstream "web:8000" in /etc/nginx/conf.d/app.conf:2
2025/08/20 00:33:47 [emerg] 1#1: host not found in upstream "web:8000" in /etc/nginx/conf.d/app.conf:2
2025/08/20 00:34:50 [emerg] 1#1: host not found in upstream "web:8000" in /etc/nginx/conf.d/app.conf:2
2025/08/20 00:39:31 [notice] 1#1: using the "epoll" event method
2025/08/20 00:39:31 [notice] 1#1: nginx/1.24.0
2025/08/20 00:39:31 [notice] 1#1: built by gcc 10.2.1 20210110 (Debian 10.2.1-6) 
2025/08/20 00:39:31 [notice] 1#1: OS: Linux 6.6.87.2-microsoft-standard-WSL2
2025/08/20 00:39:31 [notice] 1#1: getrlimit(RLIMIT_NOFILE): 1048576:1048576
2025/08/20 00:39:31 [notice] 1#1: start worker processes
2025/08/20 00:39:31 [notice] 1#1: start worker process 29
2025/08/20 00:39:31 [notice] 1#1: start worker process 30
2025/08/20 00:39:31 [notice] 1#1: start worker process 31
2025/08/20 00:39:31 [notice] 1#1: start worker process 32
2025/08/20 00:39:31 [notice] 1#1: start worker process 33
2025/08/20 00:39:31 [notice] 1#1: start worker process 34
2025/08/20 00:39:31 [notice] 1#1: start worker process 35
2025/08/20 00:39:31 [notice] 1#1: start worker process 36
2025/08/20 00:39:31 [notice] 1#1: start worker process 37
2025/08/20 00:39:31 [notice] 1#1: start worker process 38
2025/08/20 00:39:31 [notice] 1#1: start worker process 39
2025/08/20 00:39:31 [notice] 1#1: start worker process 40
2025/08/20 00:39:31 [notice] 1#1: start worker process 41
2025/08/20 00:39:31 [notice] 1#1: start worker process 42
2025/08/20 00:39:31 [notice] 1#1: start worker process 43
2025/08/20 00:39:31 [notice] 1#1: start worker process 44
2025/08/20 00:39:51 [error] 29#29: *1 connect() failed (113: No route to host) while connecting to upstream, client: 172.18.0.1, server: localhost, request: "GET / HTTP/1.1", upstream: "http://172.18.0.5:8000/", host: "localhost:8888"
2025/08/20 00:39:54 [error] 29#29: *1 connect() failed (113: No route to host) while connecting to upstream, client: 172.18.0.1, server: localhost, request: "GET /favicon.ico HTTP/1.1", upstream: "http://172.18.0.5:8000/favicon.ico", host: "localhost:8888", referrer: "http://localhost:8888/"
2025/08/20 00:41:51 [notice] 1#1: signal 3 (SIGQUIT) received, shutting down
2025/08/20 00:41:51 [notice] 29#29: gracefully shutting down
2025/08/20 00:41:51 [notice] 40#40: gracefully shutting down
2025/08/20 00:41:51 [notice] 30#30: gracefully shutting down
2025/08/20 00:41:51 [notice] 31#31: gracefully shutting down
2025/08/20 00:41:51 [notice] 31#31: exiting
2025/08/20 00:41:51 [notice] 32#32: gracefully shutting down
2025/08/20 00:41:51 [notice] 33#33: gracefully shutting down
2025/08/20 00:41:51 [notice] 34#34: gracefully shutting down
2025/08/20 00:41:51 [notice] 35#35: gracefully shutting down
2025/08/20 00:41:51 [notice] 36#36: gracefully shutting down
2025/08/20 00:41:51 [notice] 38#38: gracefully shutting down
2025/08/20 00:41:51 [notice] 37#37: gracefully shutting down
2025/08/20 00:41:51 [notice] 39#39: gracefully shutting down
2025/08/20 00:41:51 [notice] 29#29: exiting
2025/08/20 00:41:51 [notice] 42#42: gracefully shutting down
2025/08/20 00:41:51 [notice] 41#41: gracefully shutting down
2025/08/20 00:41:51 [notice] 43#43: gracefully shutting down
2025/08/20 00:41:51 [notice] 44#44: gracefully shutting down
2025/08/20 00:41:51 [notice] 40#40: exiting
2025/08/20 00:41:51 [notice] 30#30: exiting
2025/08/20 00:41:51 [notice] 31#31: exit
2025/08/20 00:41:51 [notice] 32#32: exiting
2025/08/20 00:41:51 [notice] 33#33: exiting
2025/08/20 00:41:51 [notice] 34#34: exiting
2025/08/20 00:41:51 [notice] 35#35: exiting
2025/08/20 00:41:51 [notice] 36#36: exiting
2025/08/20 00:41:51 [notice] 38#38: exiting
2025/08/20 00:41:51 [notice] 37#37: exiting
2025/08/20 00:41:51 [notice] 39#39: exiting
2025/08/20 00:41:51 [notice] 29#29: exit
2025/08/20 00:41:51 [notice] 42#42: exiting
2025/08/20 00:41:51 [notice] 41#41: exiting
2025/08/20 00:41:51 [notice] 43#43: exiting
2025/08/20 00:41:51 [notice] 44#44: exiting
2025/08/20 00:41:51 [notice] 40#40: exit
2025/08/20 00:41:51 [notice] 30#30: exit
2025/08/20 00:41:51 [notice] 32#32: exit
2025/08/20 00:41:51 [notice] 33#33: exit
2025/08/20 00:41:51 [notice] 34#34: exit
2025/08/20 00:41:51 [notice] 35#35: exit
2025/08/20 00:41:51 [notice] 36#36: exit
2025/08/20 00:41:51 [notice] 38#38: exit
2025/08/20 00:41:51 [notice] 37#37: exit
2025/08/20 00:41:51 [notice] 39#39: exit
2025/08/20 00:41:51 [notice] 42#42: exit
2025/08/20 00:41:51 [notice] 41#41: exit
2025/08/20 00:41:51 [notice] 43#43: exit
2025/08/20 00:41:51 [notice] 44#44: exit
2025/08/20 00:41:51 [notice] 1#1: signal 17 (SIGCHLD) received from 31
2025/08/20 00:41:51 [notice] 1#1: worker process 31 exited with code 0
2025/08/20 00:41:51 [notice] 1#1: signal 29 (SIGIO) received
2025/08/20 00:41:51 [notice] 1#1: signal 17 (SIGCHLD) received from 43
2025/08/20 00:41:51 [notice] 1#1: worker process 33 exited with code 0
2025/08/20 00:41:51 [notice] 1#1: worker process 34 exited with code 0
2025/08/20 00:41:51 [notice] 1#1: worker process 38 exited with code 0
2025/08/20 00:41:51 [notice] 1#1: worker process 40 exited with code 0
2025/08/20 00:41:51 [notice] 1#1: worker process 42 exited with code 0
2025/08/20 00:41:51 [notice] 1#1: worker process 43 exited with code 0
2025/08/20 00:41:51 [notice] 1#1: signal 29 (SIGIO) received
2025/08/20 00:41:51 [notice] 1#1: signal 17 (SIGCHLD) received from 34
2025/08/20 00:41:51 [notice] 1#1: signal 17 (SIGCHLD) received from 36
2025/08/20 00:41:51 [notice] 1#1: worker process 36 exited with code 0
2025/08/20 00:41:51 [notice] 1#1: signal 29 (SIGIO) received
2025/08/20 00:41:51 [notice] 1#1: signal 17 (SIGCHLD) received from 41
2025/08/20 00:41:51 [notice] 1#1: worker process 29 exited with code 0
2025/08/20 00:41:51 [notice] 1#1: worker process 30 exited with code 0
2025/08/20 00:41:51 [notice] 1#1: worker process 35 exited with code 0
2025/08/20 00:41:51 [notice] 1#1: worker process 39 exited with code 0
2025/08/20 00:41:51 [notice] 1#1: worker process 41 exited with code 0
2025/08/20 00:41:51 [notice] 1#1: worker process 44 exited with code 0
2025/08/20 00:41:51 [notice] 1#1: signal 29 (SIGIO) received
2025/08/20 00:41:51 [notice] 1#1: signal 17 (SIGCHLD) received from 30
2025/08/20 00:41:51 [notice] 1#1: signal 17 (SIGCHLD) received from 32
2025/08/20 00:41:51 [notice] 1#1: worker process 32 exited with code 0
2025/08/20 00:41:51 [notice] 1#1: worker process 37 exited with code 0
2025/08/20 00:41:51 [notice] 1#1: exit
2025/08/20 01:01:00 [notice] 1#1: using the "epoll" event method
2025/08/20 01:01:00 [notice] 1#1: nginx/1.24.0
2025/08/20 01:01:00 [notice] 1#1: built by gcc 10.2.1 20210110 (Debian 10.2.1-6) 
2025/08/20 01:01:00 [notice] 1#1: OS: Linux 6.6.87.2-microsoft-standard-WSL2
2025/08/20 01:01:00 [notice] 1#1: getrlimit(RLIMIT_NOFILE): 1048576:1048576
2025/08/20 01:01:00 [notice] 1#1: start worker processes
2025/08/20 01:01:00 [notice] 1#1: start worker process 29
2025/08/20 01:01:00 [notice] 1#1: start worker process 30
2025/08/20 01:01:00 [notice] 1#1: start worker process 31
2025/08/20 01:01:00 [notice] 1#1: start worker process 32
2025/08/20 01:01:00 [notice] 1#1: start worker process 33
2025/08/20 01:01:00 [notice] 1#1: start worker process 34
2025/08/20 01:01:00 [notice] 1#1: start worker process 35
2025/08/20 01:01:00 [notice] 1#1: start worker process 36
2025/08/20 01:01:00 [notice] 1#1: start worker process 37
2025/08/20 01:01:00 [notice] 1#1: start worker process 38
2025/08/20 01:01:00 [notice] 1#1: start worker process 39
2025/08/20 01:01:00 [notice] 1#1: start worker process 40
2025/08/20 01:01:00 [notice] 1#1: start worker process 41
2025/08/20 01:01:00 [notice] 1#1: start worker process 42
2025/08/20 01:01:00 [notice] 1#1: start worker process 43
2025/08/20 01:01:00 [notice] 1#1: start worker process 44
2025/08/20 19:46:38 [notice] 1#1: using the "epoll" event method
2025/08/20 19:46:38 [notice] 1#1: nginx/1.24.0
2025/08/20 19:46:38 [notice] 1#1: built by gcc 10.2.1 20210110 (Debian 10.2.1-6) 
2025/08/20 19:46:38 [notice] 1#1: OS: Linux 6.6.87.2-microsoft-standard-WSL2
2025/08/20 19:46:38 [notice] 1#1: getrlimit(RLIMIT_NOFILE): 1048576:1048576
2025/08/20 19:46:38 [notice] 1#1: start worker processes
2025/08/20 19:46:38 [notice] 1#1: start worker process 22
2025/08/20 19:46:38 [notice] 1#1: start worker process 23
2025/08/20 19:46:38 [notice] 1#1: start worker process 24
2025/08/20 19:46:38 [notice] 1#1: start worker process 25
2025/08/20 19:46:38 [notice] 1#1: start worker process 26
2025/08/20 19:46:38 [notice] 1#1: start worker process 27
2025/08/20 19:46:38 [notice] 1#1: start worker process 28
2025/08/20 19:46:38 [notice] 1#1: start worker process 29
2025/08/20 19:46:38 [notice] 1#1: start worker process 30
2025/08/20 19:46:38 [notice] 1#1: start worker process 31
2025/08/20 19:46:38 [notice] 1#1: start worker process 32
2025/08/20 19:46:38 [notice] 1#1: start worker process 33
2025/08/20 19:46:38 [notice] 1#1: start worker process 34
2025/08/20 19:46:38 [notice] 1#1: start worker process 35
2025/08/20 19:46:38 [notice] 1#1: start worker process 36
2025/08/20 19:46:38 [notice] 1#1: start worker process 37
2025/08/20 21:42:46 [notice] 1#1: signal 3 (SIGQUIT) received, shutting down
2025/08/20 21:42:46 [notice] 22#22: gracefully shutting down
2025/08/20 21:42:46 [notice] 32#32: gracefully shutting down
2025/08/20 21:42:46 [notice] 23#23: gracefully shutting down
2025/08/20 21:42:46 [notice] 24#24: gracefully shutting down
2025/08/20 21:42:46 [notice] 25#25: gracefully shutting down
2025/08/20 21:42:46 [notice] 26#26: gracefully shutting down
2025/08/20 21:42:46 [notice] 28#28: gracefully shutting down
2025/08/20 21:42:46 [notice] 27#27: gracefully shutting down
2025/08/20 21:42:46 [notice] 29#29: gracefully shutting down
2025/08/20 21:42:46 [notice] 30#30: gracefully shutting down
2025/08/20 21:42:46 [notice] 31#31: gracefully shutting down
2025/08/20 21:42:46 [notice] 33#33: gracefully shutting down
2025/08/20 21:42:46 [notice] 34#34: gracefully shutting down
2025/08/20 21:42:46 [notice] 22#22: exiting
2025/08/20 21:42:46 [notice] 35#35: gracefully shutting down
2025/08/20 21:42:46 [notice] 36#36: gracefully shutting down
2025/08/20 21:42:46 [notice] 37#37: gracefully shutting down
2025/08/20 21:42:46 [notice] 32#32: exiting
2025/08/20 21:42:46 [notice] 23#23: exiting
2025/08/20 21:42:46 [notice] 24#24: exiting
2025/08/20 21:42:46 [notice] 25#25: exiting
2025/08/20 21:42:46 [notice] 26#26: exiting
2025/08/20 21:42:46 [notice] 28#28: exiting
2025/08/20 21:42:46 [notice] 27#27: exiting
2025/08/20 21:42:46 [notice] 29#29: exiting
2025/08/20 21:42:46 [notice] 30#30: exiting
2025/08/20 21:42:46 [notice] 31#31: exiting
2025/08/20 21:42:46 [notice] 33#33: exiting
2025/08/20 21:42:46 [notice] 34#34: exiting
2025/08/20 21:42:46 [notice] 22#22: exit
2025/08/20 21:42:46 [notice] 35#35: exiting
2025/08/20 21:42:46 [notice] 36#36: exiting
2025/08/20 21:42:46 [notice] 37#37: exiting
2025/08/20 21:42:46 [notice] 32#32: exit
2025/08/20 21:42:46 [notice] 23#23: exit
2025/08/20 21:42:46 [notice] 24#24: exit
2025/08/20 21:42:46 [notice] 25#25: exit
2025/08/20 21:42:46 [notice] 26#26: exit
2025/08/20 21:42:46 [notice] 28#28: exit
2025/08/20 21:42:46 [notice] 27#27: exit
2025/08/20 21:42:46 [notice] 29#29: exit
2025/08/20 21:42:46 [notice] 30#30: exit
2025/08/20 21:42:46 [notice] 31#31: exit
2025/08/20 21:42:46 [notice] 33#33: exit
2025/08/20 21:42:46 [notice] 34#34: exit
2025/08/20 21:42:46 [notice] 35#35: exit
2025/08/20 21:42:46 [notice] 36#36: exit
2025/08/20 21:42:46 [notice] 37#37: exit
2025/08/20 21:42:46 [notice] 1#1: signal 17 (SIGCHLD) received from 28
2025/08/20 21:42:46 [notice] 1#1: worker process 28 exited with code 0
2025/08/20 21:42:46 [notice] 1#1: signal 29 (SIGIO) received
2025/08/20 21:42:46 [notice] 1#1: signal 17 (SIGCHLD) received from 23
2025/08/20 21:42:46 [notice] 1#1: worker process 23 exited with code 0
2025/08/20 21:42:46 [notice] 1#1: signal 29 (SIGIO) received
2025/08/20 21:42:46 [notice] 1#1: signal 17 (SIGCHLD) received from 35
2025/08/20 21:42:46 [notice] 1#1: worker process 22 exited with code 0
2025/08/20 21:42:46 [notice] 1#1: worker process 25 exited with code 0
2025/08/20 21:42:46 [notice] 1#1: worker process 29 exited with code 0
2025/08/20 21:42:46 [notice] 1#1: worker process 30 exited with code 0
2025/08/20 21:42:46 [notice] 1#1: worker process 31 exited with code 0
2025/08/20 21:42:46 [notice] 1#1: worker process 34 exited with code 0
2025/08/20 21:42:46 [notice] 1#1: worker process 35 exited with code 0
2025/08/20 21:42:46 [notice] 1#1: worker process 36 exited with code 0
2025/08/20 21:42:46 [notice] 1#1: signal 29 (SIGIO) received
2025/08/20 21:42:46 [notice] 1#1: signal 17 (SIGCHLD) received from 32
2025/08/20 21:42:46 [notice] 1#1: worker process 27 exited with code 0
2025/08/20 21:42:46 [notice] 1#1: worker process 32 exited with code 0
2025/08/20 21:42:46 [notice] 1#1: worker process 37 exited with code 0
2025/08/20 21:42:46 [notice] 1#1: signal 29 (SIGIO) received
2025/08/20 21:42:46 [notice] 1#1: signal 17 (SIGCHLD) received from 27
2025/08/20 21:42:46 [notice] 1#1: signal 17 (SIGCHLD) received from 24
2025/08/20 21:42:46 [notice] 1#1: worker process 24 exited with code 0
2025/08/20 21:42:46 [notice] 1#1: worker process 26 exited with code 0
2025/08/20 21:42:46 [notice] 1#1: worker process 33 exited with code 0
2025/08/20 21:42:46 [notice] 1#1: exit
